<?xml version="1.0" encoding="UTF-8"?>
<!-- Generated by org.testng.reporters.JUnitReportReporter -->
<testsuite hostname="DESKTOP-CV7TFP2" failures="0" tests="1" name="testCases.TC001_AccountRegistrationTest" time="2.969" errors="0" timestamp="2025-09-21T11:11:06 IST" skipped="0">
  <testcase classname="testCases.TC001_AccountRegistrationTest" name="verifyAccountRegistration" time="2.969"/>
</testsuite> <!-- testCases.TC001_AccountRegistrationTest -->
