<?xml version="1.0" encoding="UTF-8"?>
<!-- Generated by org.testng.reporters.JUnitReportReporter -->
<testsuite hostname="DESKTOP-CV7TFP2" failures="0" tests="2" name="testCases.TC003_LoginTestDataDriven" time="19.949" errors="0" timestamp="2025-08-24T20:01:33 IST" skipped="0">
  <testcase classname="testCases.TC003_LoginTestDataDriven" name="verify_loginDDT" time="7.917"/>
  <testcase classname="testCases.TC003_LoginTestDataDriven" name="verify_loginDDT" time="12.032"/>
</testsuite> <!-- testCases.TC003_LoginTestDataDriven -->
