<?xml version="1.0" encoding="UTF-8"?>
<!-- Generated by org.testng.reporters.JUnitReportReporter -->
<testsuite hostname="DESKTOP-CV7TFP2" failures="0" tests="1" name="testCases.TC002_LoginTest" time="2.407" errors="0" timestamp="2025-09-21T11:48:07 IST" skipped="0">
  <testcase classname="testCases.TC002_LoginTest" name="verifyLogin" time="2.407"/>
</testsuite> <!-- testCases.TC002_LoginTest -->
